C:\Users\admin\Desktop\CAD CREATION\Autocad\4075 MOBO FC IBINGAY.dwg,Layout1,2/22/2016 10:39:35 AM,admin,PublishToWeb JPG.pc3,Sun Hi-Res (1600.00 x 1280.00 Pixels),1:0.00525,
E:\Branjo Files\CAD Creation\VALEROH.dwg,Layout1,2/22/2016 4:38:30 PM,admin,PublishToWeb JPG.pc3,Sun Hi-Res (1600.00 x 1280.00 Pixels),1:0.473431,
E:\Branjo Files\CAD Creation\GRNHEIGHTS.dwg,Layout1,2/23/2016 11:46:33 PM,admin,PublishToWeb JPG.pc3,Sun Hi-Res (1600.00 x 1280.00 Pixels),1:0.473431,
E:\Branjo Files\CAD Creation\WALTERMRK.dwg,Layout1,2/26/2016 5:50:00 PM,admin,PublishToWeb JPG.pc3,Sun Hi-Res (1600.00 x 1280.00 Pixels),1:0.473431,
E:\Branjo Files\CAD Creation\BELAIR2.dwg,Layout1,2/29/2016 10:56:42 AM,admin,PublishToWeb JPG.pc3,Sun Hi-Res (1600.00 x 1280.00 Pixels),1:0.473431,
E:\Branjo Files\CAD Creation\STMICHAEL.dwg,Layout1,3/1/2016 1:05:59 PM,admin,PublishToWeb JPG.pc3,Sun Hi-Res (1600.00 x 1280.00 Pixels),1:0.473431,
E:\Branjo Files\ZAP GLOBE PROJECT\STMICHAEL LAYOUT\STMICHAEL.dwg,Layout1,3/2/2016 4:42:43 PM,admin,PublishToWeb JPG.pc3,Sun Hi-Res (1600.00 x 1280.00 Pixels),1:0.473431,
E:\Branjo Files\CAD Creation\MERVILLE2.dwg,Layout1,3/3/2016 6:27:31 PM,admin,PublishToWeb JPG.pc3,Sun Hi-Res (1600.00 x 1280.00 Pixels),1:0.473431,
E:\Branjo Files\CAD Creation\SALCEDOST3.dwg,Layout1,3/4/2016 1:21:23 PM,admin,PublishToWeb JPG.pc3,Sun Hi-Res (1600.00 x 1280.00 Pixels),1:0.473431,
E:\Branjo Files\CAD Creation\AYALAEXT.dwg,Layout1,3/7/2016 3:56:20 PM,admin,PublishToWeb JPG.pc3,Sun Hi-Res (1600.00 x 1280.00 Pixels),1:0.473431,
E:\Branjo Files\ZAP GLOBE PROJECT\AYALAEXT LAYOUT\AYALAEXT.dwg,Layout1,3/7/2016 4:10:12 PM,admin,PublishToWeb JPG.pc3,Sun Hi-Res (1600.00 x 1280.00 Pixels),1:0.473431,
G:\WOODSVIL LAYOUT\WOODSVIL.dwg,Layout1,3/7/2016 5:42:53 PM,admin,PublishToWeb JPG.pc3,Sun Hi-Res (1600.00 x 1280.00 Pixels),1:0.473431,
E:\Branjo Files\CAD Creation\CRISTOBAL.dwg,Layout1,3/9/2016 2:38:46 PM,admin,PublishToWeb JPG.pc3,Sun Hi-Res (1600.00 x 1280.00 Pixels),1:0.473431,
E:\Branjo Files\CAD Creation\CRISTOBAL.dwg,Layout1,3/9/2016 6:29:31 PM,admin,PublishToWeb JPG.pc3,Sun Hi-Res (1600.00 x 1280.00 Pixels),1:0.473431,
E:\Branjo Files\CAD Creation\PANDAKAN.dwg,Layout1,3/10/2016 2:26:26 PM,admin,PublishToWeb JPG.pc3,Sun Hi-Res (1600.00 x 1280.00 Pixels),1:0.473431,
E:\Branjo Files\CAD Creation\TALISAYST.dwg,Layout1,3/10/2016 5:59:05 PM,admin,PublishToWeb JPG.pc3,Sun Hi-Res (1600.00 x 1280.00 Pixels),1:0.473431,
E:\Branjo Files\CAD Creation\SSHMERV.dwg,Layout1,3/11/2016 11:51:23 AM,admin,PublishToWeb JPG.pc3,Sun Hi-Res (1600.00 x 1280.00 Pixels),1:0.473431,
E:\Branjo Files\CAD Creation\PUPTAGUIG.dwg,Layout1,3/11/2016 6:35:34 PM,admin,PublishToWeb JPG.pc3,Sun Hi-Res (1600.00 x 1280.00 Pixels),1:0.473431,
E:\Branjo Files\CAD Creation\UNIVERSAL CAD.dwg,Layout1,3/14/2016 7:12:37 PM,admin,PublishToWeb JPG.pc3,Sun Hi-Res (1600.00 x 1280.00 Pixels),1:0.473431,
E:\Branjo Files\CAD Creation\UNIVERSAL CAD.dwg,Layout1,3/15/2016 5:05:25 PM,admin,PublishToWeb JPG.pc3,Sun Hi-Res (1600.00 x 1280.00 Pixels),1:0.473431,
E:\Branjo Files\CAD Creation\SSHMERV.dwg,Layout1,3/16/2016 11:26:11 AM,admin,PublishToWeb JPG.pc3,Sun Hi-Res (1600.00 x 1280.00 Pixels),1:0.473431,
E:\Branjo Files\ZAP GLOBE PROJECT\SSHMERV NCR2746 LAYOUT\AYLAPASEO.dwg,Layout1,3/17/2016 10:50:51 AM,admin,PublishToWeb JPG.pc3,Sun Hi-Res (1600.00 x 1280.00 Pixels),1:0.473431,
E:\Branjo Files\CAD Creation\HARVARD.dwg,Layout1,3/17/2016 5:30:46 PM,admin,PublishToWeb JPG.pc3,Sun Hi-Res (1600.00 x 1280.00 Pixels),1:0.473431,
E:\Branjo Files\CAD Creation\DEASISTAG.dwg,Layout1,3/21/2016 8:44:42 PM,admin,PublishToWeb JPG.pc3,Sun Hi-Res (1600.00 x 1280.00 Pixels),1:0.473431,
G:\PEREA LAYOUT.dwg,Layout1,3/21/2016 9:54:40 PM,admin,PublishToWeb JPG.pc3,Sun Hi-Res (1600.00 x 1280.00 Pixels),1:0.473431,
E:\Branjo Files\CAD Creation\DEASISTAG.dwg,Layout1,3/21/2016 10:20:02 PM,admin,PublishToWeb JPG.pc3,Sun Hi-Res (1600.00 x 1280.00 Pixels),1:0.473431,
E:\Branjo Files\CAD Creation\DEASISTAG.dwg,Layout1,3/21/2016 10:27:21 PM,admin,PublishToWeb JPG.pc3,Sun Hi-Res (1600.00 x 1280.00 Pixels),1:0.473431,
E:\Branjo Files\CAD Creation\REMBOMKT.dwg,Layout1,3/22/2016 9:04:59 PM,admin,PublishToWeb JPG.pc3,Sun Hi-Res (1600.00 x 1280.00 Pixels),1:0.473431,
E:\Branjo Files\CAD Creation\CROWNMRK.dwg,Layout1,3/23/2016 10:51:17 AM,admin,PublishToWeb JPG.pc3,Sun Hi-Res (1600.00 x 1280.00 Pixels),1:0.473431,
E:\Branjo Files\ZAP GLOBE PROJECT\SUPERBLKBGC LAYOUT\SUPERBLK.dwg,Layout1,3/23/2016 6:09:30 PM,admin,DWG To PDF.pc3,ANSI A (11.00 x 8.50 Inches),1:75.6453,
E:\Branjo Files\CAD Creation\SUNVALDR.dwg,Layout1,3/28/2016 6:27:51 PM,admin,PublishToWeb JPG.pc3,Sun Hi-Res (1600.00 x 1280.00 Pixels),1:0.473431,
C:\Users\admin\Downloads\NCR943 CRMAVENUE.dwg,Layout1,9/13/2016 2:06:07 PM,admin,DWG To PDF.pc3,ISO full bleed A4 (297.00 x 210.00 MM),1:2.57662,
C:\Users\admin\Downloads\NCR943 CRMAVENUE.dwg,Layout1,9/13/2016 2:06:23 PM,admin,DWG To PDF.pc3,ISO full bleed A4 (297.00 x 210.00 MM),1:2.57662,
C:\Users\admin\Downloads\NCR943 CRMAVENUE.dwg,Layout1,9/13/2016 2:06:33 PM,admin,DWG To PDF.pc3,ISO full bleed A4 (297.00 x 210.00 MM),1:2.57662,
C:\Users\admin\Downloads\NCR943 CRMAVENUE.dwg,Layout1,9/13/2016 2:06:44 PM,admin,DWG To PDF.pc3,ISO full bleed A4 (297.00 x 210.00 MM),1:2.57662,
C:\Users\admin\Downloads\NCR943 CRMAVENUE.dwg,Layout1,9/13/2016 2:07:52 PM,admin,DWG To PDF.pc3,ISO full bleed A4 (297.00 x 210.00 MM),1:2.57662,
C:\Users\admin\Downloads\NCR943 CRMAVENUE.dwg,Layout1,9/13/2016 2:08:52 PM,admin,DWG To PDF.pc3,ISO full bleed A4 (297.00 x 210.00 MM),1:2.57662,
C:\Users\admin\Downloads\NCR943 CRMAVENUE.dwg,Layout1,9/13/2016 2:09:48 PM,admin,DWG To PDF.pc3,ISO full bleed A4 (297.00 x 210.00 MM),1:2.57662,
C:\Users\admin\Downloads\NCR943 CRMAVENUE.dwg,Layout1,9/13/2016 2:10:53 PM,admin,DWG To PDF.pc3,ISO full bleed A4 (297.00 x 210.00 MM),1:2.57662,
C:\Users\admin\Downloads\NCR943 CRMAVENUE.dwg,Layout1,9/13/2016 2:11:06 PM,admin,DWG To PDF.pc3,ISO full bleed A4 (297.00 x 210.00 MM),1:2.57662,
C:\Users\admin\Downloads\NCR943 CRMAVENUE.dwg,Layout1,9/13/2016 2:11:31 PM,admin,DWG To PDF.pc3,ISO full bleed A4 (297.00 x 210.00 MM),1:2.57662,
C:\Users\admin\Downloads\NCR943 CRMAVENUE.dwg,Layout1,9/13/2016 2:12:31 PM,admin,DWG To PDF.pc3,ISO full bleed A4 (297.00 x 210.00 MM),1:2.57662,
G:\BACOORPUB CAD LAYOUT\BACOORPUB.dwg,PRINTOUTPUT,1/6/2017 11:02:41 AM,admin,PDFill PDF&Image Writer.pc3,A4,1:1.45918,
G:\BACOORPUB CAD LAYOUT\BACOORPUB.dwg,PRINTOUTPUT,1/6/2017 11:03:26 AM,admin,PDFill PDF&Image Writer.pc3,A4,1:1.45918,
G:\BACOORPUB CAD LAYOUT\BACOORPUB.dwg,PRINTOUTPUT,1/6/2017 11:03:43 AM,admin,PDFill PDF&Image Writer.pc3,A4,1:1.45918,
G:\BACOORPUB CAD LAYOUT\BACOORPUB.dwg,PRINTOUTPUT,1/6/2017 11:04:04 AM,admin,PDFill PDF&Image Writer.pc3,A4,1:1.45918,
G:\BACOORPUB CAD LAYOUT\BACOORPUB.dwg,PRINTOUTPUT,1/6/2017 11:09:40 AM,admin,PDFill PDF&Image Writer.pc3,A4,1:1.45918,
C:\Users\admin\Desktop\GALACTUS PROJ CAD\NCR5065 ROBINSONTERA\NCR5065 ROBINSONTERA.dwg,EXISTING EQUIPMENT LAYOUT,2/20/2017 1:44:33 PM,admin,DWG To PDF.pc3,ISO full bleed A3 (297.00 x 420.00 MM),1:0.947969,
C:\Users\admin\Desktop\GALACTUS PROJ CAD\NCR5065 ROBINSONTERA\NCR5065 ROBINSONTERA.dwg,EXISTING EQUIPMENT LAYOUT,2/20/2017 5:09:01 PM,admin,DWG To PDF.pc3,ISO full bleed A3 (297.00 x 420.00 MM),1:0.947969,
C:\Users\admin\Desktop\GALACTUS PROJ CAD\NCR3515 SOLAIREMLA\NCR3515 SOLAIREMLA.dwg,PROPOSED EQUIPMENT LAYOUT,2/20/2017 5:47:51 PM,admin,DWG To PDF.pc3,ISO full bleed A3 (420.00 x 297.00 MM),1:0.947969,
C:\Users\admin\Desktop\GALACTUS PROJ CAD\NCR5065 ROBINSONTERA\NCR5065 ROBINSONTERA.dwg,PROPOSED EQUIPMENT LAYOUT,2/20/2017 6:24:37 PM,admin,DWG To PDF.pc3,ISO full bleed A3 (420.00 x 297.00 MM),1:0.947969,
C:\Users\admin\Desktop\GALACTUS PROJ CAD\NCR856 RIZALTOWER ROCKWELL\NCR856 RIZALTOWER ROCKWELL.dwg,EXISTING EQUIPMENT LAYOUT,2/23/2017 2:50:40 PM,admin,DWG To PDF.pc3,ISO full bleed A3 (420.00 x 297.00 MM),1:0.947969,
C:\Users\admin\Desktop\GALACTUS PROJ CAD\NCR3627 UPTECHNOHUB\NCR3627 UPTECHNOHUB.dwg,EXISTING EQUIPMENT LAYOUT,2/24/2017 10:49:25 AM,admin,DWG To PDF.pc3,ISO full bleed A3 (420.00 x 297.00 MM),1:0.947969,
C:\Users\admin\Desktop\GALACTUS PROJ CAD\NCR6098 INOZA\NCR6098 INOZA.dwg,EXISTING EQUIPMENT LAYOUT,3/9/2017 2:41:48 PM,admin,DWG To PDF.pc3,ISO full bleed A3 (420.00 x 297.00 MM),1:0.947969,
C:\Users\admin\Desktop\GALACTUS PROJ CAD\NCR70 FIGUEROA\NCR70 FIGUEROA.dwg,EXISTING EQUIPMENT LAYOUT,3/14/2017 2:09:52 PM,admin,DWG To PDF.pc3,ISO full bleed A3 (420.00 x 297.00 MM),1:0.947969,
C:\Users\admin\Desktop\GALACTUS PROJ CAD\NCR4084 TELECOMPLAZA\NCR4084 TELECOMPLAZA.dwg,PROPOSED DATA AND SIGNAL CABLE LAYOUT,3/17/2017 4:04:51 PM,admin,DWG To PDF.pc3,ISO full bleed A3 (420.00 x 297.00 MM),1:0.947969,
C:\Users\admin\Desktop\GALACTUS PROJ CAD\NCR2837 BONI HIGH STREET\NEW NCR2837 BONI HIGH STREET.dwg,EXISTING EQUIPMENT LAYOUT,3/21/2017 4:10:12 PM,admin,DWG To PDF.pc3,ISO full bleed A3 (420.00 x 297.00 MM),1:0.947969,
C:\Users\admin\Desktop\GALACTUS PROJ CAD\NCR1296 HATCH ASIA\NEW NCR1296 HATCH ASIA.dwg,EXISTING EQUIPMENT LAYOUT,3/27/2017 2:27:59 PM,admin,DWG To PDF.pc3,ISO full bleed A3 (420.00 x 297.00 MM),1:0.947969,
C:\Users\admin\Desktop\GALACTUS PROJ CAD\NL1177 LIM BLDG\NL1177 LIM BLDG.dwg,EXISTING EQUIPMENT LAYOUT,3/28/2017 12:15:25 PM,admin,DWG To PDF.pc3,ISO full bleed A3 (420.00 x 297.00 MM),1:0.947969,
C:\Users\admin\Desktop\GALACTUS PROJ CAD\SL2010 CLMB3\SL2010 CLMB3.dwg,EXISTING EQUIPMENT LAYOUT,4/3/2017 12:30:44 PM,admin,DWG To PDF.pc3,ISO full bleed A3 (420.00 x 297.00 MM),1:0.947969,
C:\Users\admin\Desktop\GALACTUS PROJ CAD\SL983 PRINZA\SL983 PRINZA.dwg,EXISTING EQUIPMENT LAYOUT,4/4/2017 2:10:56 PM,admin,DWG To PDF.pc3,ISO full bleed A3 (420.00 x 297.00 MM),1:0.947969,
C:\Users\admin\Desktop\GALACTUS PROJ CAD\NCR745 NET1\NCR745 NET1.dwg,EXISTING EQUIPMENT LAYOUT,4/21/2017 2:50:05 PM,admin,DWG To PDF.pc3,ISO full bleed A3 (420.00 x 297.00 MM),1:0.947969,
C:\Users\admin\Desktop\GALACTUS PROJ CAD\NCR766 BANGKAL\NCR766 BANGKAL.dwg,EXISTING EQUIPMENT LAYOUT,4/23/2017 1:17:05 PM,admin,DWG To PDF.pc3,ISO full bleed A3 (420.00 x 297.00 MM),1:0.947969,
C:\Users\admin\Desktop\GALACTUS PROJ CAD\NCR435 PARCROYALE\NCR435 PARCROYALE.dwg,EXISTING EQUIPMENT LAYOUT,5/2/2017 2:43:31 PM,admin,DWG To PDF.pc3,ISO full bleed A3 (420.00 x 297.00 MM),1:0.947969,
C:\Users\admin\Desktop\GALACTUS PROJ CAD\NCR940 WASHINGTO\NCR940 WASHINGTO.dwg,EXISTING EQUIPMENT LAYOUT,5/3/2017 12:34:23 PM,admin,DWG To PDF.pc3,ISO full bleed A3 (420.00 x 297.00 MM),1:0.947969,
C:\Users\admin\Desktop\GALACTUS PROJ CAD\NCR3028 RAFFLES\NCR3028 RAFFLES.dwg,EXISTING EQUIPMENT LAYOUT,5/8/2017 12:44:42 PM,admin,DWG To PDF.pc3,ISO full bleed A3 (420.00 x 297.00 MM),1:0.947969,
C:\Users\admin\Desktop\GALACTUS PROJ CAD\BAYANTEL PICADILLY\BAYANTEL PICADILLY.dwg,EXISTING EQUIPMENT LAYOUT,5/12/2017 1:46:45 PM,admin,DWG To PDF.pc3,ISO full bleed A3 (420.00 x 297.00 MM),1:0.947969,
C:\Users\admin\Desktop\GALACTUS PROJ CAD\NCR461 BUTING\NCR461 BUTING.dwg,PROPOSED POWER CABLES LAYOUT,5/15/2017 9:07:39 AM,admin,DWG To PDF.pc3,ISO full bleed A3 (420.00 x 297.00 MM),1:0.947969,
C:\Users\admin\Desktop\GALACTUS PROJ CAD\NCR710 TAIPAN\NCR710 TAIPAN.dwg,EXISTING EQUIPMENT LAYOUT,5/22/2017 1:30:25 PM,admin,DWG To PDF.pc3,ISO full bleed A3 (420.00 x 297.00 MM),1:0.947969,
E:\Branjo Files\MICROWAVE ZEAL\ALINAO LAYOUT\ALINAO.dwg,Layout1,5/30/2017 4:31:24 PM,admin,DWG To PDF.pc3,ISO full bleed A3 (420.00 x 297.00 MM),1:1.8178,
E:\Branjo Files\MICROWAVE ZEAL\NCR1079 NEOPOLTAN\NCR1079 NEOPOLTAN.dwg,Layout1,5/31/2017 3:42:46 PM,admin,DWG To PDF.pc3,ISO full bleed A3 (420.00 x 297.00 MM),1:1.8178,
C:\Users\admin\Desktop\SMC PROJ\ASBUILT\N0767 CPCHURCHMMS\N0767 CPCHURCHMMS.dwg,Layout1,6/5/2017 9:27:01 PM,admin,DWG To PDF.pc3,ISO full bleed A3 (297.00 x 420.00 MM),1:1.8178,
C:\Users\admin\Desktop\SMC PROJ\ASBUILT\GOODWILL.dwg,Layout1,6/6/2017 6:32:13 PM,admin,DWG To PDF.pc3,ISO full bleed A3 (297.00 x 420.00 MM),1:1.8178,
C:\Users\admin\Desktop\SMC PROJ\ASBUILT\TORRESLOTMMS\TORRESLOTMMS.dwg,Layout1,6/9/2017 12:21:42 PM,admin,DWG To PDF.pc3,ISO full bleed A3 (297.00 x 420.00 MM),1:1.8178,
C:\Users\admin\Desktop\SMC PROJ\ASBUILT\TORRESLOTMMS\TORRESLOTMMS.dwg,Layout1,6/9/2017 3:53:47 PM,admin,DWG To PDF.pc3,ISO full bleed A3 (297.00 x 420.00 MM),1:1.8178,
C:\Users\admin\Desktop\SMC PROJ\ASBUILT\AMPACKLOTMMS\AMPACKLOTMMS.dwg,Layout1,6/9/2017 10:31:50 PM,admin,DWG To PDF.pc3,ISO full bleed A3 (297.00 x 420.00 MM),1:1.8178,
C:\Users\admin\Desktop\SMC PROJ\ASBUILT\SL3700_SNJUAN2TERCAV_SMC PRJ_SKP\SL3700 SANJUANINTERCAV LAYOUT\SL3700 SAN JUAN.dwg,Layout1,6/20/2017 1:58:36 PM,admin,DWG To PDF.pc3,ISO full bleed A3 (297.00 x 420.00 MM),1:1.8178,
C:\Users\admin\Desktop\SMC PROJ\ASBUILT\SL3700_SNJUAN2TERCAV_SMC PRJ_SKP\SL3700 SANJUANINTERCAV LAYOUT\SL3700 SAN JUAN.dwg,Layout1,6/21/2017 11:13:19 AM,admin,DWG To PDF.pc3,ISO full bleed A3 (297.00 x 420.00 MM),1:1.8178,
C:\Users\admin\Desktop\SMC PROJ\ASBUILT\NCR6997 GOODWILLLOT\GOODWILL.dwg,Layout1,6/22/2017 12:25:55 PM,admin,DWG To PDF.pc3,ISO full bleed A3 (297.00 x 420.00 MM),1:1.8178,
